<?xml version="1.0" encoding="UTF-8"?>
<testsuite name="com.ghadirb.aimusic.history.HistoryAggregatorTest" tests="7" skipped="0" failures="0" errors="0" timestamp="2026-09-25T18:50:37" hostname="runnervmtr4k5" time="0.008">
  <properties/>
  <testcase name="completedSessionIsNotPartial" classname="com.ghadirb.aimusic.history.HistoryAggregatorTest" time="0.003"/>
  <testcase name="topCountsListensAndBreaksTiesByRecency" classname="com.ghadirb.aimusic.history.HistoryAggregatorTest" time="0.002"/>
  <testcase name="recentRespectsLimit" classname="com.ghadirb.aimusic.history.HistoryAggregatorTest" time="0.001"/>
  <testcase name="emptyHistoryGivesEmptyLists" classname="com.ghadirb.aimusic.history.HistoryAggregatorTest" time="0.0"/>
  <testcase name="accidentalTapSkippedWithinSecondsIsIgnored" classname="com.ghadirb.aimusic.history.HistoryAggregatorTest" time="0.0"/>
  <testcase name="recentIsNewestFirstAndIgnoresMissingTracks" classname="com.ghadirb.aimusic.history.HistoryAggregatorTest" time="0.001"/>
  <testcase name="skippedTrackAfterRealListeningStillShowsInHistoryAsPartial" classname="com.ghadirb.aimusic.history.HistoryAggregatorTest" time="0.001"/>
  <system-out><![CDATA[]]></system-out>
  <system-err><![CDATA[]]></system-err>
</testsuite>
