<?xml version="1.0" encoding="UTF-8"?>
<testsuite name="com.ghadirb.aimusic.recommendation.TasteProfileBuilderTest" tests="5" skipped="0" failures="0" errors="0" timestamp="2026-09-25T18:50:37" hostname="runnervmtr4k5" time="0.013">
  <properties/>
  <testcase name="favoritesAloneProduceProfile" classname="com.ghadirb.aimusic.recommendation.TasteProfileBuilderTest" time="0.007"/>
  <testcase name="extractsTopArtistsGenresAndMoods" classname="com.ghadirb.aimusic.recommendation.TasteProfileBuilderTest" time="0.002"/>
  <testcase name="listCodecKeepsCommasAndReadsLegacy" classname="com.ghadirb.aimusic.recommendation.TasteProfileBuilderTest" time="0.001"/>
  <testcase name="computesBehaviourMetrics" classname="com.ghadirb.aimusic.recommendation.TasteProfileBuilderTest" time="0.001"/>
  <testcase name="emptyLibraryGivesEmptyProfile" classname="com.ghadirb.aimusic.recommendation.TasteProfileBuilderTest" time="0.001"/>
  <system-out><![CDATA[]]></system-out>
  <system-err><![CDATA[]]></system-err>
</testsuite>
