<?xml version="1.0" encoding="UTF-8"?>
<testsuite name="com.ghadirb.aimusic.lyrics.LyricsDetectionTest" tests="13" skipped="0" failures="0" errors="0" timestamp="2026-09-25T18:50:37" hostname="runnervmtr4k5" time="0.023">
  <properties/>
  <testcase name="readsUtf8UsltFromId3v24AndSkipsOtherFrames" classname="com.ghadirb.aimusic.lyrics.LyricsDetectionTest" time="0.005"/>
  <testcase name="matchesSameNameIgnoringCasePersianVariantsAndNumbering" classname="com.ghadirb.aimusic.lyrics.LyricsDetectionTest" time="0.001"/>
  <testcase name="activeLineFollowsThePosition" classname="com.ghadirb.aimusic.lyrics.LyricsDetectionTest" time="0.001"/>
  <testcase name="smallLeadSwitchesJustBeforeTheLineStarts" classname="com.ghadirb.aimusic.lyrics.LyricsDetectionTest" time="0.0"/>
  <testcase name="readsUtf16UsltFromId3v23" classname="com.ghadirb.aimusic.lyrics.LyricsDetectionTest" time="0.001"/>
  <testcase name="decodesLegacyWindows1256UsltAndPrefersSyncedText" classname="com.ghadirb.aimusic.lyrics.LyricsDetectionTest" time="0.0"/>
  <testcase name="parsedEmbeddedTextGoesThroughTheSameLrcParser" classname="com.ghadirb.aimusic.lyrics.LyricsDetectionTest" time="0.002"/>
  <testcase name="noLyricsOrGarbageGivesNull" classname="com.ghadirb.aimusic.lyrics.LyricsDetectionTest" time="0.0"/>
  <testcase name="longerLinesGetMoreTime" classname="com.ghadirb.aimusic.lyrics.LyricsDetectionTest" time="0.0"/>
  <testcase name="documentIdsForStoragePaths" classname="com.ghadirb.aimusic.lyrics.LyricsDetectionTest" time="0.001"/>
  <testcase name="readsFlacVorbisLyricsComment" classname="com.ghadirb.aimusic.lyrics.LyricsDetectionTest" time="0.001"/>
  <testcase name="fallsBackToArtistDashTitleAndTitle" classname="com.ghadirb.aimusic.lyrics.LyricsDetectionTest" time="0.0"/>
  <testcase name="estimatedIndexMovesForwardThroughTheSong" classname="com.ghadirb.aimusic.lyrics.LyricsDetectionTest" time="0.005"/>
  <system-out><![CDATA[]]></system-out>
  <system-err><![CDATA[]]></system-err>
</testsuite>
