<?xml version="1.0" encoding="UTF-8"?>
<testsuite name="com.ghadirb.aimusic.backup.BackupTest" tests="8" skipped="0" failures="0" errors="0" timestamp="2026-09-25T18:50:36" hostname="runnervmtr4k5" time="0.123">
  <properties/>
  <testcase name="roundTripsEverything" classname="com.ghadirb.aimusic.backup.BackupTest" time="0.077"/>
  <testcase name="rejectsInvalidFiles" classname="com.ghadirb.aimusic.backup.BackupTest" time="0.024"/>
  <testcase name="dropsMalformedEntriesAndUnknownSettings" classname="com.ghadirb.aimusic.backup.BackupTest" time="0.001"/>
  <testcase name="matchesPersianMetadataAcrossArabicKeyboardVariants" classname="com.ghadirb.aimusic.backup.BackupTest" time="0.012"/>
  <testcase name="planMergesPlaylistsAvoidsDuplicatesAndSkipsExistingHistory" classname="com.ghadirb.aimusic.backup.BackupTest" time="0.004"/>
  <testcase name="tasteProfileAppliedOnlyWhenNoneExistsAndEmptyBackupIsSafe" classname="com.ghadirb.aimusic.backup.BackupTest" time="0.002"/>
  <testcase name="readsVersion1Backups" classname="com.ghadirb.aimusic.backup.BackupTest" time="0.0"/>
  <testcase name="matchesByPathThenMetadataWithDurationTolerance" classname="com.ghadirb.aimusic.backup.BackupTest" time="0.0"/>
  <system-out><![CDATA[]]></system-out>
  <system-err><![CDATA[]]></system-err>
</testsuite>
